This is pdfTeX, Version 3.1415926-2.4-1.40.13 (TeX Live 2012/W32TeX) (format=pdflatex 2013.5.29)  4 JUN 2014 12:22
entering extended mode
 restricted \write18 enabled.
 %&-line parsing enabled.
**Report.tex
(./Report.tex
LaTeX2e <2011/06/27>
Babel <v3.8m> and hyphenation patterns for english, dumylang, nohyphenation, ge
rman-x-2012-05-30, ngerman-x-2012-05-30, afrikaans, ancientgreek, ibycus, arabi
c, armenian, basque, bulgarian, catalan, pinyin, coptic, croatian, czech, danis
h, dutch, ukenglish, usenglishmax, esperanto, estonian, ethiopic, farsi, finnis
h, french, friulan, galician, german, ngerman, swissgerman, monogreek, greek, h
ungarian, icelandic, assamese, bengali, gujarati, hindi, kannada, malayalam, ma
rathi, oriya, panjabi, tamil, telugu, indonesian, interlingua, irish, italian, 
kurmanji, latin, latvian, lithuanian, mongolian, mongolianlmc, bokmal, nynorsk,
 polish, portuguese, romanian, romansh, russian, sanskrit, serbian, serbianc, s
lovak, slovenian, spanish, swedish, turkish, turkmen, ukrainian, uppersorbian, 
welsh, loaded.
(./preheader.tex (d:/texlive/2012/texmf-dist/tex/latex/extsizes/extarticle.cls
Document Class: extarticle 1996/10/08 v1.0 Non Standard LaTeX document class
(d:/texlive/2012/texmf-dist/tex/latex/extsizes/size14.clo
File: size14.clo 1999/11/11 v1.4a NON-Standard LaTeX file (size option)
)
(d:/texlive/2012/texmf-dist/tex/latex/base/exscale.sty
Package: exscale 2007/10/29 v2.1h Standard LaTeX package exscale
LaTeX Font Info:    Redeclaring symbol font `largesymbols' on input line 52.
LaTeX Font Info:    Overwriting symbol font `largesymbols' in version `normal'
(Font)                  OMX/cmex/m/n --> OMX/cmex/m/n on input line 52.
LaTeX Font Info:    Overwriting symbol font `largesymbols' in version `bold'
(Font)                  OMX/cmex/m/n --> OMX/cmex/m/n on input line 52.
\big@size=\dimen102
)
\c@part=\count79
\c@section=\count80
\c@subsection=\count81
\c@subsubsection=\count82
\c@paragraph=\count83
\c@subparagraph=\count84
\c@figure=\count85
\c@table=\count86
\abovecaptionskip=\skip41
\belowcaptionskip=\skip42
\bibindent=\dimen103
)
(d:/texlive/2012/texmf-dist/tex/latex/cmap/cmap.sty
Package: cmap 2008/03/06 v1.0h CMap support: searchable PDF
)
(d:/texlive/2012/texmf-dist/tex/latex/hyperref/hyperref.sty
Package: hyperref 2012/05/13 v6.82q Hypertext links for LaTeX

(d:/texlive/2012/texmf-dist/tex/generic/oberdiek/hobsub-hyperref.sty
Package: hobsub-hyperref 2012/05/28 v1.13 Bundle oberdiek, subset hyperref (HO)


(d:/texlive/2012/texmf-dist/tex/generic/oberdiek/hobsub-generic.sty
Package: hobsub-generic 2012/05/28 v1.13 Bundle oberdiek, subset generic (HO)
Package: hobsub 2012/05/28 v1.13 Construct package bundles (HO)
Package: infwarerr 2010/04/08 v1.3 Providing info/warning/error messages (HO)
Package: ltxcmds 2011/11/09 v1.22 LaTeX kernel commands for general use (HO)
Package: ifluatex 2010/03/01 v1.3 Provides the ifluatex switch (HO)
Package ifluatex Info: LuaTeX not detected.
Package: ifvtex 2010/03/01 v1.5 Detect VTeX and its facilities (HO)
Package ifvtex Info: VTeX not detected.
Package: intcalc 2007/09/27 v1.1 Expandable calculations with integers (HO)
Package: ifpdf 2011/01/30 v2.3 Provides the ifpdf switch (HO)
Package ifpdf Info: pdfTeX in PDF mode is detected.
Package: etexcmds 2011/02/16 v1.5 Avoid name clashes with e-TeX commands (HO)
Package etexcmds Info: Could not find \expanded.
(etexcmds)             That can mean that you are not using pdfTeX 1.50 or
(etexcmds)             that some package has redefined \expanded.
(etexcmds)             In the latter case, load this package earlier.
Package: kvsetkeys 2012/04/25 v1.16 Key value parser (HO)
Package: kvdefinekeys 2011/04/07 v1.3 Define keys (HO)
Package: pdftexcmds 2011/11/29 v0.20 Utility functions of pdfTeX for LuaTeX (HO
)
Package pdftexcmds Info: LuaTeX not detected.
Package pdftexcmds Info: \pdf@primitive is available.
Package pdftexcmds Info: \pdf@ifprimitive is available.
Package pdftexcmds Info: \pdfdraftmode found.
Package: pdfescape 2011/11/25 v1.13 Implements pdfTeX's escape features (HO)
Package: bigintcalc 2012/04/08 v1.3 Expandable calculations on big integers (HO
)
Package: bitset 2011/01/30 v1.1 Handle bit-vector datatype (HO)
Package: uniquecounter 2011/01/30 v1.2 Provide unlimited unique counter (HO)
)
Package hobsub Info: Skipping package `hobsub' (already loaded).
Package: letltxmacro 2010/09/02 v1.4 Let assignment for LaTeX macros (HO)
Package: hopatch 2012/05/28 v1.2 Wrapper for package hooks (HO)
Package: xcolor-patch 2011/01/30 xcolor patch
Package: atveryend 2011/06/30 v1.8 Hooks at the very end of document (HO)
Package atveryend Info: \enddocument detected (standard20110627).
Package: atbegshi 2011/10/05 v1.16 At begin shipout hook (HO)
Package: refcount 2011/10/16 v3.4 Data extraction from label references (HO)
Package: hycolor 2011/01/30 v1.7 Color options for hyperref/bookmark (HO)
)
(d:/texlive/2012/texmf-dist/tex/latex/graphics/keyval.sty
Package: keyval 1999/03/16 v1.13 key=value parser (DPC)
\KV@toks@=\toks14
)
(d:/texlive/2012/texmf-dist/tex/generic/ifxetex/ifxetex.sty
Package: ifxetex 2010/09/12 v0.6 Provides ifxetex conditional
)
(d:/texlive/2012/texmf-dist/tex/latex/oberdiek/kvoptions.sty
Package: kvoptions 2011/06/30 v3.11 Key value format for package options (HO)
)
\@linkdim=\dimen104
\Hy@linkcounter=\count87
\Hy@pagecounter=\count88

(d:/texlive/2012/texmf-dist/tex/latex/hyperref/pd1enc.def
File: pd1enc.def 2012/05/13 v6.82q Hyperref: PDFDocEncoding definition (HO)
)
\Hy@SavedSpaceFactor=\count89

(d:/texlive/2012/texmf-dist/tex/latex/latexconfig/hyperref.cfg
File: hyperref.cfg 2002/06/06 v1.2 hyperref configuration of TeXLive
)
Package hyperref Info: Option `unicode' set `true' on input line 3941.

(d:/texlive/2012/texmf-dist/tex/latex/hyperref/puenc.def
File: puenc.def 2012/05/13 v6.82q Hyperref: PDF Unicode definition (HO)
)
Package hyperref Info: Hyper figures OFF on input line 4062.
Package hyperref Info: Link nesting OFF on input line 4067.
Package hyperref Info: Hyper index ON on input line 4070.
Package hyperref Info: Plain pages OFF on input line 4077.
Package hyperref Info: Backreferencing OFF on input line 4082.
Package hyperref Info: Implicit mode ON; LaTeX internals redefined.
Package hyperref Info: Bookmarks ON on input line 4300.
\c@Hy@tempcnt=\count90

(d:/texlive/2012/texmf-dist/tex/latex/url/url.sty
\Urlmuskip=\muskip10
Package: url 2006/04/12  ver 3.3  Verb mode for urls, etc.
)
LaTeX Info: Redefining \url on input line 4653.
\Fld@menulength=\count91
\Field@Width=\dimen105
\Fld@charsize=\dimen106
Package hyperref Info: Hyper figures OFF on input line 5773.
Package hyperref Info: Link nesting OFF on input line 5778.
Package hyperref Info: Hyper index ON on input line 5781.
Package hyperref Info: backreferencing OFF on input line 5788.
Package hyperref Info: Link coloring OFF on input line 5793.
Package hyperref Info: Link coloring with OCG OFF on input line 5798.
Package hyperref Info: PDF/A mode OFF on input line 5803.
LaTeX Info: Redefining \ref on input line 5843.
LaTeX Info: Redefining \pageref on input line 5847.
\Hy@abspage=\count92
\c@Item=\count93
\c@Hfootnote=\count94
)

Package hyperref Message: Driver (autodetected): hpdftex.

(d:/texlive/2012/texmf-dist/tex/latex/hyperref/hpdftex.def
File: hpdftex.def 2012/05/13 v6.82q Hyperref driver for pdfTeX
\Fld@listcount=\count95
\c@bookmark@seq@number=\count96

(d:/texlive/2012/texmf-dist/tex/latex/oberdiek/rerunfilecheck.sty
Package: rerunfilecheck 2011/04/15 v1.7 Rerun checks for auxiliary files (HO)
Package uniquecounter Info: New unique counter `rerunfilecheck' on input line 2
82.
)
\Hy@SectionHShift=\skip43
)
(d:/texlive/2012/texmf-dist/tex/latex/geometry/geometry.sty
Package: geometry 2010/09/12 v5.6 Page Geometry
\Gm@cnth=\count97
\Gm@cntv=\count98
\c@Gm@tempcnt=\count99
\Gm@bindingoffset=\dimen107
\Gm@wd@mp=\dimen108
\Gm@odd@mp=\dimen109
\Gm@even@mp=\dimen110
\Gm@layoutwidth=\dimen111
\Gm@layoutheight=\dimen112
\Gm@layouthoffset=\dimen113
\Gm@layoutvoffset=\dimen114
\Gm@dimlist=\toks15


Package geometry Warning: Over-specification in `v'-direction.
    `height' (711.3189pt) is ignored.

) (d:/texlive/2012/texmf-dist/tex/latex/t2/mathtext.sty
Package: mathtext 1999/01/28 v1.0 transparent text-and-math defs
LaTeX Info: Redefining \halign on input line 111.
)
(d:/texlive/2012/texmf-dist/tex/latex/base/fontenc.sty
Package: fontenc 2005/09/27 v1.99g Standard LaTeX package

(d:/texlive/2012/texmf-dist/tex/latex/cyrillic/t2aenc.def
File: t2aenc.def 2005/09/27 v1.0i Cyrillic encoding definition file
\symT2Aletters=\mathgroup4
)
LaTeX Font Info:    Try loading font information for T2A+cmr on input line 100.


(d:/texlive/2012/texmf-dist/tex/latex/cyrillic/t2acmr.fd
File: t2acmr.fd 2001/08/11 v1.0a Computer Modern Cyrillic font definitions
)<<t2a.cmap>>)
(d:/texlive/2012/texmf-dist/tex/latex/base/inputenc.sty
Package: inputenc 2008/03/30 v1.1d Input encoding file
\inpenc@prehook=\toks16
\inpenc@posthook=\toks17

(d:/texlive/2012/texmf-dist/tex/latex/cyrillic/koi8-r.def
File: koi8-r.def 1999/11/16 v1.0d Input encoding file
)
(d:/texlive/2012/texmf-dist/tex/latex/cyrillic/cp1251.def
File: cp1251.def 1999/11/16 v1.0d Input encoding file
))
(d:/texlive/2012/texmf-dist/tex/generic/babel/babel.sty
Package: babel 2008/07/08 v3.8m The Babel package

(d:/texlive/2012/texmf-dist/tex/generic/babel/english.ldf
Language: english 2005/03/30 v3.3o English support from the babel system

(d:/texlive/2012/texmf-dist/tex/generic/babel/babel.def
File: babel.def 2008/07/08 v3.8m Babel common definitions
\babel@savecnt=\count100
\U@D=\dimen115
)
\l@canadian = a dialect from \language\l@american 
\l@australian = a dialect from \language\l@british 
\l@newzealand = a dialect from \language\l@british 
))
(d:/texlive/2012/texmf-dist/tex/latex/amsmath/amsmath.sty
Package: amsmath 2000/07/18 v2.13 AMS math features
\@mathmargin=\skip44

For additional information on amsmath, use the `?' option.
(d:/texlive/2012/texmf-dist/tex/latex/amsmath/amstext.sty
Package: amstext 2000/06/29 v2.01

(d:/texlive/2012/texmf-dist/tex/latex/amsmath/amsgen.sty
File: amsgen.sty 1999/11/30 v2.0
\@emptytoks=\toks18
\ex@=\dimen116
))
(d:/texlive/2012/texmf-dist/tex/latex/amsmath/amsbsy.sty
Package: amsbsy 1999/11/29 v1.2d
\pmbraise@=\dimen117
)
(d:/texlive/2012/texmf-dist/tex/latex/amsmath/amsopn.sty
Package: amsopn 1999/12/14 v2.01 operator names
)
\inf@bad=\count101
LaTeX Info: Redefining \frac on input line 211.
\uproot@=\count102
\leftroot@=\count103
LaTeX Info: Redefining \overline on input line 307.
\classnum@=\count104
\DOTSCASE@=\count105
LaTeX Info: Redefining \ldots on input line 379.
LaTeX Info: Redefining \dots on input line 382.
LaTeX Info: Redefining \cdots on input line 467.
\Mathstrutbox@=\box26
\strutbox@=\box27
\big@size=\dimen118
LaTeX Font Info:    Redeclaring font encoding OML on input line 567.
\symOMLletters=\mathgroup5
LaTeX Font Info:    Redeclaring font encoding OMS on input line 568.
\symOMSletters=\mathgroup6
\macc@depth=\count106
\c@MaxMatrixCols=\count107
\dotsspace@=\muskip11
\c@parentequation=\count108
\dspbrk@lvl=\count109
\tag@help=\toks19
\row@=\count110
\column@=\count111
\maxfields@=\count112
\andhelp@=\toks20
\eqnshift@=\dimen119
\alignsep@=\dimen120
\tagshift@=\dimen121
\tagwidth@=\dimen122
\totwidth@=\dimen123
\lineht@=\dimen124
\@envbody=\toks21
\multlinegap=\skip45
\multlinetaggap=\skip46
\mathdisplay@stack=\toks22
LaTeX Info: Redefining \[ on input line 2666.
LaTeX Info: Redefining \] on input line 2667.
)
(d:/texlive/2012/texmf-dist/tex/latex/amsfonts/amssymb.sty
Package: amssymb 2009/06/22 v3.00

(d:/texlive/2012/texmf-dist/tex/latex/amsfonts/amsfonts.sty
Package: amsfonts 2009/06/22 v3.00 Basic AMSFonts support
\symAMSa=\mathgroup7
\symAMSb=\mathgroup8
LaTeX Font Info:    Overwriting math alphabet `\mathfrak' in version `bold'
(Font)                  U/euf/m/n --> U/euf/b/n on input line 96.
))
(d:/texlive/2012/texmf-dist/tex/latex/amsmath/amsxtra.sty
Package: amsxtra 1999/11/15 v1.2c
LaTeX Info: Redefining \nobreakspace on input line 77.
)
(d:/texlive/2012/texmf-dist/tex/latex/ncctools/nccmath.sty
Package: nccmath 2005/02/21 v1.2 Additional Math Commands (NCC)
\NCC@fracrulewidth=\dimen125
)
(d:/texlive/2012/texmf-dist/tex/latex/graphics/epsfig.sty
Package: epsfig 1999/02/16 v1.7a (e)psfig emulation (SPQR)

(d:/texlive/2012/texmf-dist/tex/latex/graphics/graphicx.sty
Package: graphicx 1999/02/16 v1.0f Enhanced LaTeX Graphics (DPC,SPQR)

(d:/texlive/2012/texmf-dist/tex/latex/graphics/graphics.sty
Package: graphics 2009/02/05 v1.0o Standard LaTeX Graphics (DPC,SPQR)

(d:/texlive/2012/texmf-dist/tex/latex/graphics/trig.sty
Package: trig 1999/03/16 v1.09 sin cos tan (DPC)
)
(d:/texlive/2012/texmf-dist/tex/latex/latexconfig/graphics.cfg
File: graphics.cfg 2010/04/23 v1.9 graphics configuration of TeX Live
)
Package graphics Info: Driver file: pdftex.def on input line 91.

(d:/texlive/2012/texmf-dist/tex/latex/pdftex-def/pdftex.def
File: pdftex.def 2011/05/27 v0.06d Graphics/color for pdfTeX
\Gread@gobject=\count113
))
\Gin@req@height=\dimen126
\Gin@req@width=\dimen127
)
\epsfxsize=\dimen128
\epsfysize=\dimen129
)
(d:/texlive/2012/texmf-dist/tex/latex/ncctools/nccfloats.sty
Package: nccfloats 2006/01/07 v1.2 More Float Management (NCC)

(d:/texlive/2012/texmf-dist/tex/latex/ncctools/nccboxes.sty
Package: nccboxes 2005/02/07 v1.2 Additional Boxes (NCC)
\NCC@strutbox=\box28
\NCC@strutsep=\dimen130
))
(d:/texlive/2012/texmf-dist/tex/latex/graphics/color.sty
Package: color 2005/11/14 v1.0j Standard LaTeX Color (DPC)

(d:/texlive/2012/texmf-dist/tex/latex/latexconfig/color.cfg
File: color.cfg 2007/01/18 v1.5 color configuration of teTeX/TeXLive
)
Package color Info: Driver file: pdftex.def on input line 130.
)
(d:/texlive/2012/texmf-dist/tex/latex/cite/cite.sty
LaTeX Info: Redefining \cite on input line 302.
LaTeX Info: Redefining \nocite on input line 373.
Package: cite 2010/09/10  v 5.3
)
(d:/texlive/2012/texmf-dist/tex/latex/caption/caption.sty
Package: caption 2012/02/19 v3.2f Customizing captions (AR)

(d:/texlive/2012/texmf-dist/tex/latex/caption/caption3.sty
Package: caption3 2012/01/12 v1.4b caption3 kernel (AR)
\captionmargin=\dimen131
\captionmargin@=\dimen132
\captionwidth=\dimen133
\caption@indent=\dimen134
\caption@parindent=\dimen135
\caption@hangindent=\dimen136
)
\c@ContinuedFloat=\count114
Package caption Info: hyperref package is loaded.
)
(d:/texlive/2012/texmf-dist/tex/latex/was/upgreek.sty
Package: upgreek 2003/02/12 v2.0 (WaS)
Package upgreek Info: Using Euler Roman for upright Greek on input line 31.
\symugrf@m=\mathgroup9
LaTeX Font Info:    Overwriting symbol font `ugrf@m' in version `bold'
(Font)                  U/eur/m/n --> U/eur/b/n on input line 38.
)
(d:/texlive/2012/texmf-dist/tex/latex/tools/afterpage.sty
Package: afterpage 1995/10/27 v1.08 After-Page Package (DPC)
\AP@output=\toks23
\AP@partial=\box29
\AP@footins=\box30
)
(d:/texlive/2012/texmf-dist/tex/latex/placeins/placeins.sty
Package: placeins 2005/04/18  v 2.2
)
(d:/texlive/2012/texmf-dist/tex/latex/tools/indentfirst.sty
Package: indentfirst 1995/11/23 v1.03 Indent first paragraph (DPC)
)
(d:/texlive/2012/texmf-dist/tex/latex/ncctools/extdash.sty
Package: extdash 2005/01/29 v1.2 Extended Dash Package (NCC)
)
(d:/texlive/2012/texmf-dist/tex/latex/esdiff/esdiff.sty
Package: esdiff 
)
(d:/texlive/2012/texmf-dist/tex/latex/shadow/shadow.sty
Package: shadow 2003/02/19 v1.3 shadow boxes (M.O.)
\txtwdth=\dimen137
\sht=\dimen138
\shw=\dimen139
\shbox=\box31
\sboxsep=\dimen140
\sboxrule=\dimen141
\sdim=\dimen142
)
(d:/texlive/2012/texmf-dist/tex/latex/xtab/xtab.sty
Package: xtab 2011/07/31 v2.3f Extended supertabular package
\c@tracingst=\count115
\PWSTcapht=\dimen143
\ST@wd=\dimen144
\ST@rightskip=\skip47
\ST@leftskip=\skip48
\ST@parfillskip=\skip49
\c@PWSTtable=\count116
\PWSTlastpage=\count117
\PWSTpenultimate=\count118
\PWSTcurpage=\count119
\PWSTtempc=\count120
\PWSTlines=\count121
\PWST@lastht=\dimen145
\PWST@generalht=\dimen146
\PWST@ht=\dimen147
\ST@pageleft=\dimen148
\ST@headht=\dimen149
\ST@tailht=\dimen150
\ST@pagesofar=\dimen151
\ST@pboxht=\dimen152
\ST@lineht=\dimen153
\ST@stretchht=\dimen154
\ST@prevht=\dimen155
\ST@toadd=\dimen156
\ST@dimen=\dimen157
\ST@pbox=\box32
)
(d:/texlive/2012/texmf-dist/tex/latex/graphics/lscape.sty
Package: lscape 2000/10/22 v3.01 Landscape Pages (DPC)
)
(d:/texlive/2012/texmf-dist/tex/latex/oberdiek/pdflscape.sty
Package: pdflscape 2008/08/11 v0.10 Display of landscape pages in PDF (HO)
Package pdflscape Info: Auto-detected driver: pdftex on input line 80.
)
(d:/texlive/2012/texmf-dist/tex/latex/ncctools/ncccomma.sty
Package: ncccomma 2005/02/10 v1.0 Smart Math Comma Package (NCC)
)
(d:/texlive/2012/texmf-dist/tex/latex/jknapltx/mathrsfs.sty
Package: mathrsfs 1996/01/01 Math RSFS package v1.0 (jk)
\symrsfs=\mathgroup10
)
(d:/texlive/2012/texmf-dist/tex/latex/yfonts/yfonts.sty
Package: yfonts 2003/01/08 v1.3 (WaS)
\symLYletters=\mathgroup11
\symLYGletters=\mathgroup12
)
(d:/texlive/2012/texmf-dist/tex/latex/wasysym/wasysym.sty
Package: wasysym 2003/10/30 v2.0 Wasy-2 symbol support package
\symwasy=\mathgroup13
LaTeX Font Info:    Overwriting symbol font `wasy' in version `bold'
(Font)                  U/wasy/m/n --> U/wasy/b/n on input line 90.
)
(d:/texlive/2012/texmf-dist/tex/latex/multirow/multirow.sty
\bigstrutjot=\dimen158
)
(d:/texlive/2012/texmf-dist/tex/latex/footmisc/footmisc.sty
Package: footmisc 2011/06/06 v5.5b a miscellany of footnote facilities
\FN@temptoken=\toks24
\footnotemargin=\dimen159
\c@pp@next@reset=\count122
\c@@fnserial=\count123
Package footmisc Info: Declaring symbol style bringhurst on input line 855.
Package footmisc Info: Declaring symbol style chicago on input line 863.
Package footmisc Info: Declaring symbol style wiley on input line 872.
Package footmisc Info: Declaring symbol style lamport-robust on input line 883.

Package footmisc Info: Declaring symbol style lamport* on input line 903.
Package footmisc Info: Declaring symbol style lamport*-robust on input line 924
.
)
(d:/texlive/2012/texmf-dist/tex/latex/prettyref/prettyref.sty
Package: prettyref 1998/07/09 v3.0
)
(d:/texlive/2012/texmf-dist/tex/latex/cancel/cancel.sty
Package: cancel 2000/03/12 v2.1 Cancel math terms
)
(d:/texlive/2012/texmf-dist/tex/latex/tools/multicol.sty
Package: multicol 2011/06/27 v1.7a multicolumn formatting (FMi)
\c@tracingmulticols=\count124
\mult@box=\box33
\multicol@leftmargin=\dimen160
\c@unbalance=\count125
\c@collectmore=\count126
\doublecol@number=\count127
\multicoltolerance=\count128
\multicolpretolerance=\count129
\full@width=\dimen161
\page@free=\dimen162
\premulticols=\dimen163
\postmulticols=\dimen164
\multicolsep=\skip50
\multicolbaselineskip=\skip51
\partial@page=\box34
\last@line=\box35
\mult@rightbox=\box36
\mult@grightbox=\box37
\mult@gfirstbox=\box38
\mult@firstbox=\box39
\@tempa=\box40
\@tempa=\box41
\@tempa=\box42
\@tempa=\box43
\@tempa=\box44
\@tempa=\box45
\@tempa=\box46
\@tempa=\box47
\@tempa=\box48
\@tempa=\box49
\@tempa=\box50
\@tempa=\box51
\@tempa=\box52
\@tempa=\box53
\@tempa=\box54
\@tempa=\box55
\@tempa=\box56
\c@columnbadness=\count130
\c@finalcolumnbadness=\count131
\last@try=\dimen165
\multicolovershoot=\dimen166
\multicolundershoot=\dimen167
\mult@nat@firstbox=\box57
\colbreak@box=\box58
\multicol@sort@counter=\count132
)
(d:/texlive/2012/texmf-dist/tex/latex/tools/array.sty
Package: array 2008/09/09 v2.4c Tabular extension package (FMi)
\col@sep=\dimen168
\extrarowheight=\dimen169
\NC@list=\toks25
\extratabsurround=\skip52
\backup@length=\skip53
)
(d:/texlive/2012/texmf-dist/tex/latex/wrapfig/wrapfig.sty
\wrapoverhang=\dimen170
\WF@size=\dimen171
\c@WF@wrappedlines=\count133
\WF@box=\box59
\WF@everypar=\toks26
Package: wrapfig 2003/01/31  v 3.6
)
(d:/texlive/2012/texmf-dist/tex/latex/soul/soul.sty
Package: soul 2003/11/17 v2.4 letterspacing/underlining (mf)
\SOUL@word=\toks27
\SOUL@lasttoken=\toks28
\SOUL@cmds=\toks29
\SOUL@buffer=\toks30
\SOUL@token=\toks31
\SOUL@spaceskip=\skip54
\SOUL@ttwidth=\dimen172
\SOUL@uldp=\dimen173
\SOUL@ulht=\dimen174
)
(d:/texlive/2012/texmf-dist/tex/latex/fixme/fixme.sty
Package: fixme 2009/09/30 v4.1 Insert fixme notes in your documents

(d:/texlive/2012/texmf-dist/tex/latex/base/ifthen.sty
Package: ifthen 2001/05/26 v1.1c Standard LaTeX ifthen package (DPC)
)
(d:/texlive/2012/texmf-dist/tex/latex/tools/verbatim.sty
Package: verbatim 2003/08/22 v1.5q LaTeX2e package for verbatim enhancements
\every@verbatim=\toks32
\verbatim@line=\toks33
\verbatim@in@stream=\read1
)
(d:/texlive/2012/texmf-dist/tex/latex/xkeyval/xkeyval.sty
Package: xkeyval 2008/08/13 v2.6a package option processing (HA)

(d:/texlive/2012/texmf-dist/tex/generic/xkeyval/xkeyval.tex
\XKV@toks=\toks34
\XKV@tempa@toks=\toks35
\XKV@depth=\count134
File: xkeyval.tex 2008/08/13 v2.6a key=value parser (HA)
))
\c@fixmecount=\count135
\c@fxnotecount=\count136
\c@fxwarningcount=\count137
\c@fxerrorcount=\count138
\c@fxfatalcount=\count139
)
(d:/texlive/2012/texmf-dist/tex/latex/setspace/setspace.sty
Package: setspace 2011/12/19 v6.7a set line spacing
)
(d:/texlive/2012/texmf-dist/tex/latex/cases/cases.sty
Package: cases 2002/05/02 ver 2.5 
) (./itemsep.sty)
(d:/texlive/2012/texmf-dist/tex/latex/pdfpages/pdfpages.sty
Package: pdfpages 2012/04/03 v0.4s Insert pages of external PDF documents (AM)

(d:/texlive/2012/texmf-dist/tex/latex/tools/calc.sty
Package: calc 2007/08/22 v4.3 Infix arithmetic (KKT,FJ)
\calc@Acount=\count140
\calc@Bcount=\count141
\calc@Adimen=\dimen175
\calc@Bdimen=\dimen176
\calc@Askip=\skip55
\calc@Bskip=\skip56
LaTeX Info: Redefining \setlength on input line 76.
LaTeX Info: Redefining \addtolength on input line 77.
\calc@Ccount=\count142
\calc@Cskip=\skip57
)
(d:/texlive/2012/texmf-dist/tex/latex/eso-pic/eso-pic.sty
Package: eso-pic 2010/10/06 v2.0c eso-pic (RN)
)
(d:/texlive/2012/texmf-dist/tex/latex/pdfpages/pppdftex.def
File: pppdftex.def 2012/04/03 v0.4s Pdfpages driver for pdfTeX (AM)
)
\AM@pagebox=\box60
\AM@toc@title=\toks36
\c@AM@survey=\count143
\AM@templatesizebox=\box61
)
(d:/texlive/2012/texmf-dist/tex/latex/tools/xr.sty
Package: xr 1994/05/28 v5.02 eXternal References (DPC)
)
(d:/texlive/2012/texmf-dist/tex/latex/nomencl/nomencl.sty
Package: nomencl 2005/09/22 v4.2 Nomenclature package (LN)
\nomlabelwidth=\dimen177
\nom@tempdim=\dimen178
\nomitemsep=\skip58
)
\@nomenclaturefile=\write3
\openout3 = `Report.nlo'.


Writing nomenclature file Report.nlo
(d:/texlive/2012/texmf-dist/tex/latex/tocbibind/tocbibind.sty
Package: tocbibind 2010/10/13 v1.5k extra ToC listings
Package tocbibind Info: The document has section divisions on input line 50.


Package tocbibind Note: Using section or other style headings.

))

Package xr Warning: 
No file titlepage.aux
LABELS NOT IMPORTED.
 on input line 2.

(./Report.aux (./problem3.aux) (./problem4.aux) (./problem5.aux)
(./references.aux))
\openout1 = `Report.aux'.

LaTeX Font Info:    Checking defaults for OML/cmm/m/it on input line 13.
LaTeX Font Info:    ... okay on input line 13.
LaTeX Font Info:    Checking defaults for T1/cmr/m/n on input line 13.
LaTeX Font Info:    ... okay on input line 13.
LaTeX Font Info:    Checking defaults for OT1/cmr/m/n on input line 13.
LaTeX Font Info:    ... okay on input line 13.
LaTeX Font Info:    Checking defaults for OMS/cmsy/m/n on input line 13.
LaTeX Font Info:    ... okay on input line 13.
LaTeX Font Info:    Checking defaults for OMX/cmex/m/n on input line 13.
LaTeX Font Info:    ... okay on input line 13.
LaTeX Font Info:    Checking defaults for U/cmr/m/n on input line 13.
LaTeX Font Info:    ... okay on input line 13.
LaTeX Font Info:    Checking defaults for PD1/pdf/m/n on input line 13.
LaTeX Font Info:    ... okay on input line 13.
LaTeX Font Info:    Checking defaults for PU/pdf/m/n on input line 13.
LaTeX Font Info:    ... okay on input line 13.
LaTeX Font Info:    Checking defaults for T2A/cmr/m/n on input line 13.
LaTeX Font Info:    ... okay on input line 13.
LaTeX Font Info:    Checking defaults for LY/yfrak/m/n on input line 13.
LaTeX Font Info:    ... okay on input line 13.
LaTeX Font Info:    Checking defaults for LYG/ygoth/m/n on input line 13.
LaTeX Font Info:    ... okay on input line 13.
\AtBeginShipoutBox=\box62
Package hyperref Info: Link coloring OFF on input line 13.
 (d:/texlive/2012/texmf-dist/tex/latex/hyperref/nameref.sty
Package: nameref 2010/04/30 v2.40 Cross-referencing by name of section

(d:/texlive/2012/texmf-dist/tex/generic/oberdiek/gettitlestring.sty
Package: gettitlestring 2010/12/03 v1.4 Cleanup title references (HO)
)
\c@section@level=\count144
)
LaTeX Info: Redefining \ref on input line 13.
LaTeX Info: Redefining \pageref on input line 13.
LaTeX Info: Redefining \nameref on input line 13.

(./Report.out) (./Report.out)
\@outlinefile=\write4
\openout4 = `Report.out'.


*geometry* driver: auto-detecting
*geometry* detected driver: pdftex
*geometry* verbose mode - [ preamble ] result:
* driver: pdftex
* paper: a4paper
* layout: <same size as paper>
* layoutoffset:(h,v)=(0.0pt,0.0pt)
* modes: 
* h-part:(L,W,R)=(85.35826pt, 469.47049pt, 42.67912pt)
* v-part:(T,H,B)=(71.13188pt, 702.78308pt, 71.13188pt)
* \paperwidth=597.50787pt
* \paperheight=845.04684pt
* \textwidth=469.47049pt
* \textheight=702.78308pt
* \oddsidemargin=13.08827pt
* \evensidemargin=13.08827pt
* \topmargin=-40.1381pt
* \headheight=14.0pt
* \headsep=25.0pt
* \topskip=14.0pt
* \footskip=30.0pt
* \marginparwidth=15.0pt
* \marginparsep=10.0pt
* \columnsep=10.0pt
* \skip\footins=12.0pt plus 4.0pt minus 2.0pt
* \hoffset=0.0pt
* \voffset=0.0pt
* \mag=1000
* \@twocolumnfalse
* \@twosidefalse
* \@mparswitchfalse
* \@reversemarginfalse
* (1in=72.27pt=25.4mm, 1cm=28.453pt)

(d:/texlive/2012/texmf-dist/tex/context/base/supp-pdf.mkii
[Loading MPS to PDF converter (version 2006.09.02).]
\scratchcounter=\count145
\scratchdimen=\dimen179
\scratchbox=\box63
\nofMPsegments=\count146
\nofMParguments=\count147
\everyMPshowfont=\toks37
\MPscratchCnt=\count148
\MPscratchDim=\dimen180
\MPnumerator=\count149
\makeMPintoPDFobject=\count150
\everyMPtoPDFconversion=\toks38
) (d:/texlive/2012/texmf-dist/tex/latex/oberdiek/epstopdf-base.sty
Package: epstopdf-base 2010/02/09 v2.5 Base part for package epstopdf

(d:/texlive/2012/texmf-dist/tex/latex/oberdiek/grfext.sty
Package: grfext 2010/08/19 v1.1 Manage graphics extensions (HO)
)
Package grfext Info: Graphics extension search list:
(grfext)             [.png,.pdf,.jpg,.mps,.jpeg,.jbig2,.jb2,.PNG,.PDF,.JPG,.JPE
G,.JBIG2,.JB2,.eps]
(grfext)             \AppendGraphicsExtensions on input line 452.

(d:/texlive/2012/texmf-dist/tex/latex/latexconfig/epstopdf-sys.cfg
File: epstopdf-sys.cfg 2010/07/13 v1.3 Configuration of (r)epstopdf for TeX Liv
e
))
Package caption Info: Begin \AtBeginDocument code.
Package caption Info: xtab package is loaded.
Package caption Info: wrapfig package is loaded.
Package caption Info: End \AtBeginDocument code.

(./titlepage.tex
*geometry* verbose mode - [ newgeometry ] result:
* driver: pdftex
* paper: a4paper
* layout: <same size as paper>
* layoutoffset:(h,v)=(0.0pt,0.0pt)
* modes: 
* h-part:(L,W,R)=(85.35826pt, 469.47049pt, 42.67912pt)
* v-part:(T,H,B)=(56.9055pt, 745.46222pt, 42.67912pt)
* \paperwidth=597.50787pt
* \paperheight=845.04684pt
* \textwidth=469.47049pt
* \textheight=745.46222pt
* \oddsidemargin=13.08827pt
* \evensidemargin=13.08827pt
* \topmargin=-54.36449pt
* \headheight=14.0pt
* \headsep=25.0pt
* \topskip=14.0pt
* \footskip=30.0pt
* \marginparwidth=15.0pt
* \marginparsep=10.0pt
* \columnsep=10.0pt
* \skip\footins=12.0pt plus 4.0pt minus 2.0pt
* \hoffset=0.0pt
* \voffset=0.0pt
* \mag=1000
* \@twocolumnfalse
* \@twosidefalse
* \@mparswitchfalse
* \@reversemarginfalse
* (1in=72.27pt=25.4mm, 1cm=28.453pt)

<<ot1.cmap>><<oml.cmap>><<oms.cmap>><<omx.cmap>>
LaTeX Font Info:    Try loading font information for OML+cmr on input line 24.

(d:/texlive/2012/texmf-dist/tex/latex/base/omlcmr.fd
File: omlcmr.fd 1999/05/25 v2.5h Standard LaTeX font definitions
)
LaTeX Font Info:    Font shape `OML/cmr/m/n' in size <14.4> not available
(Font)              Font shape `OML/cmm/m/it' tried instead on input line 24.
LaTeX Font Info:    Font shape `OML/cmr/m/n' in size <10> not available
(Font)              Font shape `OML/cmm/m/it' tried instead on input line 24.
LaTeX Font Info:    Font shape `OML/cmr/m/n' in size <7> not available
(Font)              Font shape `OML/cmm/m/it' tried instead on input line 24.
LaTeX Font Info:    Try loading font information for OMS+cmr on input line 24.

(d:/texlive/2012/texmf-dist/tex/latex/base/omscmr.fd
File: omscmr.fd 1999/05/25 v2.5h Standard LaTeX font definitions
)
LaTeX Font Info:    Font shape `OMS/cmr/m/n' in size <14.4> not available
(Font)              Font shape `OMS/cmsy/m/n' tried instead on input line 24.
LaTeX Font Info:    Font shape `OMS/cmr/m/n' in size <10> not available
(Font)              Font shape `OMS/cmsy/m/n' tried instead on input line 24.
LaTeX Font Info:    Font shape `OMS/cmr/m/n' in size <7> not available
(Font)              Font shape `OMS/cmsy/m/n' tried instead on input line 24.
LaTeX Font Info:    Try loading font information for U+msa on input line 24.

(d:/texlive/2012/texmf-dist/tex/latex/amsfonts/umsa.fd
File: umsa.fd 2009/06/22 v3.00 AMS symbols A
)
LaTeX Font Info:    Try loading font information for U+msb on input line 24.

(d:/texlive/2012/texmf-dist/tex/latex/amsfonts/umsb.fd
File: umsb.fd 2009/06/22 v3.00 AMS symbols B
)
LaTeX Font Info:    Try loading font information for U+rsfs on input line 24.

(d:/texlive/2012/texmf-dist/tex/latex/jknapltx/ursfs.fd
File: ursfs.fd 1998/03/24 rsfs font definition file (jk)
)
LaTeX Font Info:    Try loading font information for LY+cmr on input line 24.
LaTeX Font Info:    No file LYcmr.fd. on input line 24.


LaTeX Font Warning: Font shape `LY/cmr/m/n' undefined
(Font)              using `LY/yfrak/m/n' instead on input line 24.


LaTeX Font Warning: Font shape `LY/cmr/m/n' in size <7> not available
(Font)              size <10> substituted on input line 24.

LaTeX Font Info:    Try loading font information for LYG+cmr on input line 24.
LaTeX Font Info:    No file LYGcmr.fd. on input line 24.

LaTeX Font Warning: Font shape `LYG/cmr/m/n' undefined
(Font)              using `LYG/ygoth/m/n' instead on input line 24.


LaTeX Font Warning: Font shape `LYG/cmr/m/n' in size <7> not available
(Font)              size <10> substituted on input line 24.

LaTeX Font Info:    Try loading font information for U+wasy on input line 24.
(d:/texlive/2012/texmf-dist/tex/latex/wasysym/uwasy.fd
File: uwasy.fd 2003/10/30 v2.0 Wasy-2 symbol font definitions
) [1



{d:/texlive/2012/texmf-var/fonts/map/pdftex/updmap/pdftex.map}]) (./Report.toc)
\tf@toc=\write5
\openout5 = `Report.toc'.

 [2

]
\openout2 = `problem3.aux'.

 (./problem3.tex
[3


] [4] [5] [6] [7] [8]
Underfull \hbox (badness 10000) in paragraph at lines 125--126
[]| \T2A/cmr/m/n/14.4 Cisco Sys-tems,
 []


Underfull \hbox (badness 5105) in paragraph at lines 127--127
[]| \T2A/cmr/m/n/14.4 Wal-Mart Stores Inc.
 []


Underfull \hbox (badness 10000) in paragraph at lines 127--128
[]| \T2A/cmr/m/n/14.4 The Gold-man Sachs
 []


Underfull \hbox (badness 5105) in paragraph at lines 128--128
[]| \T2A/cmr/m/n/14.4 Wal-Mart Stores Inc.
 []


Underfull \hbox (badness 10000) in paragraph at lines 128--129
[]| \T2A/cmr/m/n/14.4 Cisco Sys-tems, Inc.
 []

<src/Pearson/pearson_2006-01-01_2007-12-31.pdf, id=167, 505.89pt x 505.89pt>
File: src/Pearson/pearson_2006-01-01_2007-12-31.pdf Graphic file (type pdf)

<use src/Pearson/pearson_2006-01-01_2007-12-31.pdf>
Package pdftex.def Info: src/Pearson/pearson_2006-01-01_2007-12-31.pdf used on 
input line 138.
(pdftex.def)             Requested size: 281.68515pt x 281.69086pt.

<src/Pearson/pearson_2008-01-01_2009-12-31.pdf, id=169, 505.89pt x 505.89pt>
File: src/Pearson/pearson_2008-01-01_2009-12-31.pdf Graphic file (type pdf)

<use src/Pearson/pearson_2008-01-01_2009-12-31.pdf>
Package pdftex.def Info: src/Pearson/pearson_2008-01-01_2009-12-31.pdf used on 
input line 145.
(pdftex.def)             Requested size: 281.68515pt x 281.69086pt.

<src/Pearson/pearson_2010-01-01_2011-12-31.pdf, id=173, 505.89pt x 505.89pt>
File: src/Pearson/pearson_2010-01-01_2011-12-31.pdf Graphic file (type pdf)

<use src/Pearson/pearson_2010-01-01_2011-12-31.pdf>
Package pdftex.def Info: src/Pearson/pearson_2010-01-01_2011-12-31.pdf used on 
input line 154.
(pdftex.def)             Requested size: 281.68515pt x 281.69086pt.

<src/Pearson/pearson_2012-01-01_2013-12-31.pdf, id=175, 505.89pt x 505.89pt>
File: src/Pearson/pearson_2012-01-01_2013-12-31.pdf Graphic file (type pdf)

<use src/Pearson/pearson_2012-01-01_2013-12-31.pdf>
Package pdftex.def Info: src/Pearson/pearson_2012-01-01_2013-12-31.pdf used on 
input line 161.
(pdftex.def)             Requested size: 281.68515pt x 281.69086pt.
 [9

] [10 <./src/Pearson/pearson_2006-01-01_2007-12-31.pdf> <./src/Pearson/pearson_
2008-01-01_2009-12-31.pdf>] [11 <./src/Pearson/pearson_2010-01-01_2011-12-31.pd
f> <./src/Pearson/pearson_2012-01-01_2013-12-31.pdf>]
Underfull \hbox (badness 5105) in paragraph at lines 179--179
[]| \T2A/cmr/m/n/14.4 Wal-Mart Stores Inc.
 []


Underfull \hbox (badness 10000) in paragraph at lines 179--180
[]| \T2A/cmr/m/n/14.4 The Gold-man Sachs
 []


Underfull \hbox (badness 10000) in paragraph at lines 180--181
[]| \T2A/cmr/m/n/14.4 Cisco Sys-tems, Inc.
 []


<src/Spearman/spearman_2006-01-01_2007-12-31.pdf, id=225, 505.89pt x 505.89pt>
File: src/Spearman/spearman_2006-01-01_2007-12-31.pdf Graphic file (type pdf)

<use src/Spearman/spearman_2006-01-01_2007-12-31.pdf>
Package pdftex.def Info: src/Spearman/spearman_2006-01-01_2007-12-31.pdf used o
n input line 188.
(pdftex.def)             Requested size: 281.68515pt x 281.69086pt.

<src/Spearman/spearman_2008-01-01_2009-12-31.pdf, id=227, 505.89pt x 505.89pt>
File: src/Spearman/spearman_2008-01-01_2009-12-31.pdf Graphic file (type pdf)

<use src/Spearman/spearman_2008-01-01_2009-12-31.pdf>
Package pdftex.def Info: src/Spearman/spearman_2008-01-01_2009-12-31.pdf used o
n input line 195.
(pdftex.def)             Requested size: 281.68515pt x 281.69086pt.

<src/Spearman/spearman_2010-01-01_2011-12-31.pdf, id=230, 505.89pt x 505.89pt>
File: src/Spearman/spearman_2010-01-01_2011-12-31.pdf Graphic file (type pdf)

<use src/Spearman/spearman_2010-01-01_2011-12-31.pdf>
Package pdftex.def Info: src/Spearman/spearman_2010-01-01_2011-12-31.pdf used o
n input line 206.
(pdftex.def)             Requested size: 281.68515pt x 281.69086pt.

<src/Spearman/spearman_2012-01-01_2013-12-31.pdf, id=232, 505.89pt x 505.89pt>
File: src/Spearman/spearman_2012-01-01_2013-12-31.pdf Graphic file (type pdf)

<use src/Spearman/spearman_2012-01-01_2013-12-31.pdf>
Package pdftex.def Info: src/Spearman/spearman_2012-01-01_2013-12-31.pdf used o
n input line 213.
(pdftex.def)             Requested size: 281.68515pt x 281.69086pt.
 [12

] [13 <./src/Spearman/spearman_2006-01-01_2007-12-31.pdf> <./src/Spearman/spear
man_2008-01-01_2009-12-31.pdf>] [14 <./src/Spearman/spearman_2010-01-01_2011-12
-31.pdf> <./src/Spearman/spearman_2012-01-01_2013-12-31.pdf>]
Underfull \hbox (badness 5105) in paragraph at lines 231--232
[]| \T2A/cmr/m/n/14.4 Wal-Mart Stores Inc.
 []


Underfull \hbox (badness 5105) in paragraph at lines 232--232
[]| \T2A/cmr/m/n/14.4 Wal-Mart Stores Inc.
 []


Underfull \hbox (badness 10000) in paragraph at lines 232--233
[]| \T2A/cmr/m/n/14.4 The Gold-man Sachs
 []


Underfull \hbox (badness 10000) in paragraph at lines 233--234
[]| \T2A/cmr/m/n/14.4 Cisco Sys-tems, Inc.
 []

<src/Kendall/kendall_2006-01-01_2007-12-31.pdf, id=278, 505.89pt x 505.89pt>
File: src/Kendall/kendall_2006-01-01_2007-12-31.pdf Graphic file (type pdf)

<use src/Kendall/kendall_2006-01-01_2007-12-31.pdf>
Package pdftex.def Info: src/Kendall/kendall_2006-01-01_2007-12-31.pdf used on 
input line 241.
(pdftex.def)             Requested size: 234.73524pt x 234.73465pt.

<src/Kendall/kendall_2008-01-01_2009-12-31.pdf, id=280, 505.89pt x 505.89pt>
File: src/Kendall/kendall_2008-01-01_2009-12-31.pdf Graphic file (type pdf)

<use src/Kendall/kendall_2008-01-01_2009-12-31.pdf>
Package pdftex.def Info: src/Kendall/kendall_2008-01-01_2009-12-31.pdf used on 
input line 248.
(pdftex.def)             Requested size: 281.68515pt x 281.69086pt.

<src/Kendall/kendall_2010-01-01_2011-12-31.pdf, id=282, 505.89pt x 505.89pt>
File: src/Kendall/kendall_2010-01-01_2011-12-31.pdf Graphic file (type pdf)

<use src/Kendall/kendall_2010-01-01_2011-12-31.pdf>
Package pdftex.def Info: src/Kendall/kendall_2010-01-01_2011-12-31.pdf used on 
input line 255.
(pdftex.def)             Requested size: 281.68515pt x 281.69086pt.

<src/Kendall/kendall_2012-01-01_2013-12-31.pdf, id=284, 505.89pt x 505.89pt>
File: src/Kendall/kendall_2012-01-01_2013-12-31.pdf Graphic file (type pdf)

<use src/Kendall/kendall_2012-01-01_2013-12-31.pdf>
Package pdftex.def Info: src/Kendall/kendall_2012-01-01_2013-12-31.pdf used on 
input line 262.
(pdftex.def)             Requested size: 281.68515pt x 281.69086pt.

Overfull \hbox (10.38551pt too wide) in paragraph at lines 268--269
[]\T2A/cmr/m/n/14.4 If you see to tab.[]1.4[], port-fo-lios which cal-cu-lates 
by Spear-man's and Kendall's
 []

) [15

 <./src/Kendall/kendall_2006-01-01_2007-12-31.pdf>] [16 <./src/Kendall/kendall_
2008-01-01_2009-12-31.pdf> <./src/Kendall/kendall_2010-01-01_2011-12-31.pdf>] [
17 <./src/Kendall/kendall_2012-01-01_2013-12-31.pdf>]
\openout2 = `problem4.aux'.

 (./problem4.tex
[18



] <src/Pr4/1.jpg, id=340, 660.4675pt x 466.74374pt>
File: src/Pr4/1.jpg Graphic file (type jpg)
 <use src/Pr4/1.jpg>
Package pdftex.def Info: src/Pr4/1.jpg used on input line 21.
(pdftex.def)             Requested size: 469.47049pt x 331.78207pt.

[19 <./src/Pr4/1.jpg>]) [20]
\openout2 = `problem5.aux'.

 (./problem5.tex [21



] [22]) [23]
\openout2 = `references.aux'.

 (./references.tex
LaTeX Font Info:    Try loading font information for T2A+cmtt on input line 5.

(d:/texlive/2012/texmf-dist/tex/latex/cyrillic/t2acmtt.fd
File: t2acmtt.fd 2001/08/11 v1.0a Computer Modern Cyrillic font definitions
)
Underfull \hbox (badness 10000) in paragraph at lines 7--8
[][]$\T2A/cmtt/m/n/14.4 http : / / en . wikipedia . org / wiki / Pearson _ prod
uct-[]moment _
 []


Underfull \hbox (badness 10000) in paragraph at lines 8--9
[][]$\T2A/cmtt/m/n/14.4 http : / / en . wikipedia . org / wiki / Spearman '[] s
 _ rank _ correlation _
 []


Underfull \hbox (badness 10000) in paragraph at lines 9--10
[][]$\T2A/cmtt/m/n/14.4 http : / / en . wikipedia . org / wiki / Kendall _ tau 
_ rank _ correlation _
 []


Underfull \hbox (badness 10000) in paragraph at lines 12--13
[][]$\T2A/cmtt/m/n/14.4 http : / / www . nasdaq . com / investing / glossary / 
m /
 []


Underfull \hbox (badness 10000) in paragraph at lines 13--14
[][]$\T2A/cmtt/m/n/14.4 http : / / financial-[]dictionary . thefreedictionary .
 com /
 []


Underfull \hbox (badness 10000) in paragraph at lines 14--15
[][]$\T2A/cmtt/m/n/14.4 http : / / financial-[]dictionary . thefreedictionary .
 com /
 []

) [24



]

FiXme Summary: Number of notes: 0,
(FiXme)        Number of warnings: 0,
(FiXme)        Number of errors: 0,
(FiXme)        Number of fatal errors: 0,
(FiXme)        Total: 0.

Package atveryend Info: Empty hook `BeforeClearDocument' on input line 53.
Package atveryend Info: Empty hook `AfterLastShipout' on input line 53.
(./Report.aux (./problem3.aux) (./problem4.aux) (./problem5.aux)
(./references.aux))
Package atveryend Info: Executing hook `AtVeryEndDocument' on input line 53.
Package atveryend Info: Executing hook `AtEndAfterFileList' on input line 53.
Package rerunfilecheck Info: File `Report.out' has not changed.
(rerunfilecheck)             Checksum: 86CB6ABC7D8532EDE6C5DB035E4C16F2;1662.


LaTeX Font Warning: Size substitutions with differences
(Font)              up to 3.0pt have occurred.


LaTeX Font Warning: Some font shapes were not available, defaults substituted.

Package atveryend Info: Empty hook `AtVeryVeryEnd' on input line 53.
 ) 
Here is how much of TeX's memory you used:
 12799 strings out of 493488
 185009 string characters out of 3144748
 285425 words of memory out of 3000000
 15638 multiletter control sequences out of 15000+200000
 18219 words of font info for 50 fonts, out of 3000000 for 9000
 957 hyphenation exceptions out of 8191
 38i,10n,76p,1091b,390s stack positions out of 5000i,500n,10000p,200000b,50000s
{d:/texlive/2012/texmf-dist/fonts/enc/dvips/cm-super/cm-super-t2a.enc}<d:/tex
live/2012/texmf-dist/fonts/type1/public/amsfonts/cm/cmex10.pfb><d:/texlive/2012
/texmf-dist/fonts/type1/public/amsfonts/cm/cmmi10.pfb><d:/texlive/2012/texmf-di
st/fonts/type1/public/amsfonts/cm/cmmi12.pfb><d:/texlive/2012/texmf-dist/fonts/
type1/public/amsfonts/cm/cmr10.pfb><d:/texlive/2012/texmf-dist/fonts/type1/publ
ic/amsfonts/cm/cmr12.pfb><d:/texlive/2012/texmf-dist/fonts/type1/public/amsfont
s/cm/cmsy10.pfb><d:/texlive/2012/texmf-dist/fonts/type1/public/cm-super/sfbx144
0.pfb><d:/texlive/2012/texmf-dist/fonts/type1/public/cm-super/sfbx1728.pfb><d:/
texlive/2012/texmf-dist/fonts/type1/public/cm-super/sfbx2074.pfb><d:/texlive/20
12/texmf-dist/fonts/type1/public/cm-super/sfrm1200.pfb><d:/texlive/2012/texmf-d
ist/fonts/type1/public/cm-super/sfrm1440.pfb><d:/texlive/2012/texmf-dist/fonts/
type1/public/cm-super/sftt1440.pfb><d:/texlive/2012/texmf-dist/fonts/type1/publ
ic/cm-super/sfxc1440.pfb>
Output written on Report.pdf (24 pages, 385430 bytes).
PDF statistics:
 482 PDF objects out of 1000 (max. 8388607)
 396 compressed objects within 4 object streams
 97 named destinations out of 1000 (max. 500000)
 292 words of extra memory for PDF output out of 10000 (max. 10000000)

